<?xml version="1.0" encoding="UTF-8"?>
<!-- Generated by org.testng.reporters.JUnitReportReporter -->
<testsuite hostname="MayankSaxena" failures="0" tests="1" name="TestScripts.ToVerifyTitle" time="8.866" errors="0" timestamp="2023-03-24T12:12:22 IST" skipped="0">
  <testcase classname="TestScripts.ToVerifyTitle" name="ToVerifyPageTitleTest" time="8.866"/>
  <system-out/>
</testsuite> <!-- TestScripts.ToVerifyTitle -->
