<?xml version="1.0" encoding="UTF-8"?>
<!-- Generated by org.testng.reporters.JUnitReportReporter -->
<testsuite hostname="MayankSaxena" failures="0" tests="1" name="TestScripts.apple" time="0.016" errors="0" timestamp="2023-03-21T15:48:29 IST" skipped="0">
  <testcase classname="TestScripts.apple" name="test" time="0.016"/>
  <system-out/>
</testsuite> <!-- TestScripts.apple -->
